[00:25:04] [main/INFO]: Loading Minecraft 1.20.1 with Fabric Loader 0.18.2
[00:25:05] [ForkJoinPool-1-worker-2/WARN]: Mod mr_dungeons_andtaverns uses the version 3.0.3.f which isn't compatible with Loader's extended semantic version format (Could not parse version number component 'f'!), SemVer is recommended for reliably evaluating dependencies and prioritizing newer version
[00:25:05] [main/INFO]: Loading 120 mods:
	- adventurez 1.4.20
	- architectury 9.2.14
	- atistructures 1.4.0
	- betterfortresses 1.20-Fabric-2.0.6
	   \-- org_reflections_reflections 0.10.2
	- betterfpsdist 1.20.1-6.0
	- biomesoplenty 19.0.0.96
	- cardinal-components 5.2.3
	   |-- cardinal-components-base 5.2.3
	   |-- cardinal-components-block 5.2.3
	   |-- cardinal-components-chunk 5.2.3
	   |-- cardinal-components-entity 5.2.3
	   |-- cardinal-components-item 5.2.3
	   |-- cardinal-components-level 5.2.3
	   |-- cardinal-components-scoreboard 5.2.3
	   \-- cardinal-components-world 5.2.3
	- cloth-config 11.1.136
	   \-- cloth-basic-math 0.6.1
	- collective 8.13
	- coroutil 1.20.1-1.3.7
	   \-- forgeconfigapiport 8.0.0
	- ctov 3.4.14
	- cupboard 1.20.1-2.7
	- entityculling 1.9.4
	   |-- transition 1.0.11
	   \-- trender 1.0.10
	- explorify 1.6.4
	- fabric-api 0.92.6+1.20.1
	   |-- fabric-api-base 0.4.32+1802ada577
	   |-- fabric-api-lookup-api-v1 1.6.37+1802ada577
	   |-- fabric-biome-api-v1 13.0.14+1802ada577
	   |-- fabric-block-api-v1 1.0.12+1802ada577
	   |-- fabric-block-view-api-v2 1.0.3+924f046a77
	   |-- fabric-blockrenderlayer-v1 1.1.42+1802ada577
	   |-- fabric-client-tags-api-v1 1.1.3+1802ada577
	   |-- fabric-command-api-v1 1.2.35+f71b366f77
	   |-- fabric-command-api-v2 2.2.14+1802ada577
	   |-- fabric-commands-v0 0.2.52+df3654b377
	   |-- fabric-containers-v0 0.1.67+df3654b377
	   |-- fabric-content-registries-v0 4.0.13+1802ada577
	   |-- fabric-convention-tags-v1 1.5.6+1802ada577
	   |-- fabric-crash-report-info-v1 0.2.20+1802ada577
	   |-- fabric-data-attachment-api-v1 1.0.2+de0fd6d177
	   |-- fabric-data-generation-api-v1 12.3.7+1802ada577
	   |-- fabric-dimensions-v1 2.1.55+1802ada577
	   |-- fabric-entity-events-v1 1.6.1+1c78457f77
	   |-- fabric-events-interaction-v0 0.6.5+13a40c6677
	   |-- fabric-events-lifecycle-v0 0.2.64+df3654b377
	   |-- fabric-game-rule-api-v1 1.0.41+1802ada577
	   |-- fabric-item-api-v1 2.1.29+1802ada577
	   |-- fabric-item-group-api-v1 4.0.14+1802ada577
	   |-- fabric-key-binding-api-v1 1.0.38+1802ada577
	   |-- fabric-keybindings-v0 0.2.36+df3654b377
	   |-- fabric-lifecycle-events-v1 2.2.23+1802ada577
	   |-- fabric-loot-api-v2 1.2.3+1802ada577
	   |-- fabric-loot-tables-v1 1.1.47+9e7660c677
	   |-- fabric-message-api-v1 5.1.10+1802ada577
	   |-- fabric-mining-level-api-v1 2.1.52+1802ada577
	   |-- fabric-model-loading-api-v1 1.0.4+1802ada577
	   |-- fabric-models-v0 0.4.3+9386d8a777
	   |-- fabric-networking-api-v1 1.3.14+a158aa0477
	   |-- fabric-networking-v0 0.3.54+df3654b377
	   |-- fabric-object-builder-api-v1 11.1.5+e35120df77
	   |-- fabric-particles-v1 1.1.3+1802ada577
	   |-- fabric-recipe-api-v1 1.0.24+1802ada577
	   |-- fabric-registry-sync-v0 2.3.6+1802ada577
	   |-- fabric-renderer-api-v1 3.2.2+1802ada577
	   |-- fabric-renderer-indigo 1.5.3+85287f9f77
	   |-- fabric-renderer-registries-v1 3.2.47+df3654b377
	   |-- fabric-rendering-data-attachment-v1 0.3.39+92a0d36777
	   |-- fabric-rendering-fluids-v1 3.0.29+1802ada577
	   |-- fabric-rendering-v0 1.1.50+df3654b377
	   |-- fabric-rendering-v1 3.0.9+1802ada577
	   |-- fabric-resource-conditions-api-v1 2.3.9+1802ada577
	   |-- fabric-resource-loader-v0 0.11.12+fb82e9d777
	   |-- fabric-screen-api-v1 2.0.9+1802ada577
	   |-- fabric-screen-handler-api-v1 1.3.33+1802ada577
	   |-- fabric-sound-api-v1 1.0.14+1802ada577
	   |-- fabric-transfer-api-v1 3.3.6+8dd72ea377
	   \-- fabric-transitive-access-wideners-v1 4.3.2+1802ada577
	- fabric-language-kotlin 1.13.8+kotlin.2.3.0
	   |-- org_jetbrains_kotlin_kotlin-reflect 2.3.0
	   |-- org_jetbrains_kotlin_kotlin-stdlib 2.3.0
	   |-- org_jetbrains_kotlin_kotlin-stdlib-jdk7 2.3.0
	   |-- org_jetbrains_kotlin_kotlin-stdlib-jdk8 2.3.0
	   |-- org_jetbrains_kotlinx_atomicfu-jvm 0.29.0
	   |-- org_jetbrains_kotlinx_kotlinx-coroutines-core-jvm 1.10.2
	   |-- org_jetbrains_kotlinx_kotlinx-coroutines-jdk8 1.10.2
	   |-- org_jetbrains_kotlinx_kotlinx-datetime-jvm 0.7.1
	   |-- org_jetbrains_kotlinx_kotlinx-io-bytestring-jvm 0.8.2
	   |-- org_jetbrains_kotlinx_kotlinx-io-core-jvm 0.8.2
	   |-- org_jetbrains_kotlinx_kotlinx-serialization-cbor-jvm 1.9.0
	   |-- org_jetbrains_kotlinx_kotlinx-serialization-core-jvm 1.9.0
	   \-- org_jetbrains_kotlinx_kotlinx-serialization-json-jvm 1.9.0
	- fabricloader 0.18.2
	   \-- mixinextras 0.5.0
	- ferritecore 6.0.1
	- glitchcore 0.0.1.1
	   |-- com_electronwill_night-config_core 3.6.7
	   |-- com_electronwill_night-config_toml 3.6.7
	   \-- net_jodah_typetools 0.6.3
	- jade 11.13.1+fabric
	- java 17
	- jei 15.20.0.112
	- lithostitched 1.4.11
	- mes 1.4.6-1.20-fabric
	- minecraft 1.20.1
	- monolib 2.1.0
	- more_bows_and_arrows 5.0.1
	- moremobvariants 1.3.1
	- morevillagers 5.0.0
	- mr_dungeons_andtaverns 3.0.3.f
	- notenoughanimations 1.11.1
	   |-- transition 1.0.11
	   \-- trender 1.0.10
	- skin_changer 0.6.6
	- smoothchunk 1.20.1-4.1
	- spark 1.10.53
	- structory 1.3.5
	- structureessentials 1.20.1-4.8
	- terrablender 3.0.1.10
	   |-- com_electronwill_night-config_core 3.6.7
	   \-- com_electronwill_night-config_toml 3.6.7
	- trade_cycling 1.20.1-1.0.7
	   |-- fabric-key-binding-api-v1 1.0.36+fb8d95da82
	   \-- fabric-screen-api-v1 2.0.6+b3afc78b82
	- travelersbackpack 9.1.43
	   \-- reach-entity-attributes 2.4.0
	- watut 1.20.1-1.2.3
	   \-- forgeconfigapiport 8.0.0
	- xaerominimap 25.2.10
	- xaeroworldmap 1.39.12
	- yigd 2.0.16
	   |-- fabric-permissions-api-v0 0.2-SNAPSHOT
	   \-- libgui 8.1.1+1.20.1
	        |-- jankson 6.0.0+j1.2.3
	        |    \-- blue_endless_jankson 1.2.3
	        \-- libninepatch 1.2.0
	- yungsapi 1.20-Fabric-4.0.6
	   \-- org_javassist_javassist 3.29.2-GA
[00:25:05] [main/INFO]: SpongePowered MIXIN Subsystem Version=0.8.7 Source=file:/workspaces/panseco/servidor_minecraft/libraries/net/fabricmc/sponge-mixin/0.16.5+mixin.0.8.7/sponge-mixin-0.16.5+mixin.0.8.7.jar Service=Knot/Fabric Env=SERVER
[00:25:05] [main/INFO]: Compatibility level set to JAVA_17
[00:25:05] [main/WARN]: Reference map 'coroutil.refmap.json' for coroutil_fabric.mixins.json could not be read. If this is a development environment you can ignore this message
[00:25:05] [main/WARN]: Reference map '[common]ctov-common-refmap.json' for ctov-common.mixins.json could not be read. If this is a development environment you can ignore this message
[00:25:05] [main/WARN]: Reference map 'morevillagers-fabric-fabric-refmap.json' for morevillagers.mixins.json could not be read. If this is a development environment you can ignore this message
[00:25:06] [main/INFO]: Loaded config for: structureessentials.json
[00:25:06] [main/WARN]: Error loading class: com/beansgalaxy/backpacks/compat/TrinketsRegistry$1 (java.lang.ClassNotFoundException: com/beansgalaxy/backpacks/compat/TrinketsRegistry$1)
[00:25:06] [main/WARN]: Error loading class: io/github/apace100/apoli/power/KeepInventoryPower (java.lang.ClassNotFoundException: io/github/apace100/apoli/power/KeepInventoryPower)
[00:25:06] [main/WARN]: Error loading class: net/fabricmc/fabric/api/client/rendering/v1/EntityModelLayerRegistry$TexturedModelDataProvider (java.lang.ClassNotFoundException: net/fabricmc/fabric/api/client/rendering/v1/EntityModelLayerRegistry$TexturedModelDataProvider)
[00:25:06] [main/INFO]: Initializing MixinExtras via com.llamalad7.mixinextras.service.MixinExtrasServiceImpl(version=0.5.0).
[00:25:13] [main/INFO]: Reflections took 41 ms to scan 1 urls, producing 1 keys and 1 values
[00:25:13] [main/INFO]: Reflections took 2 ms to scan 1 urls, producing 1 keys and 1 values
[00:25:13] [main/INFO]: betterfpsdist mod initialized
[00:25:13] [main/INFO]: Loading Collective version 8.13.
[00:25:13] [main/INFO]: fabric loader environment detected
[00:25:13] [main/INFO]: Loaded config for: cupboard.json
[00:25:13] [main/ERROR]: No data fixer registered for biomesoplenty:boat
[00:25:13] [main/ERROR]: No data fixer registered for biomesoplenty:chest_boat
[00:25:13] [main/ERROR]: No data fixer registered for anomaly
[00:25:13] [main/INFO]: [STDOUT]: No matching files were found.
[00:25:13] [main/INFO]: (you can ignore these errors: "No data fixer registered for more_bows_and_arrows:...")
[00:25:13] [main/ERROR]: No data fixer registered for more_bows_and_arrows:normal_arrow
[00:25:13] [main/ERROR]: No data fixer registered for more_bows_and_arrows:really_big_arrow
[00:25:13] [main/ERROR]: No data fixer registered for more_bows_and_arrows:amethyst_arrow
[00:25:13] [main/ERROR]: No data fixer registered for more_bows_and_arrows:bamboo_arrow
[00:25:13] [main/ERROR]: No data fixer registered for more_bows_and_arrows:blaze_rod_arrow
[00:25:13] [main/ERROR]: No data fixer registered for more_bows_and_arrows:bone_arrow
[00:25:13] [main/ERROR]: No data fixer registered for more_bows_and_arrows:cactus_arrow
[00:25:13] [main/ERROR]: No data fixer registered for more_bows_and_arrows:coal_arrow
[00:25:13] [main/ERROR]: No data fixer registered for more_bows_and_arrows:copper_arrow
[00:25:13] [main/ERROR]: No data fixer registered for more_bows_and_arrows:diamond_arrow
[00:25:13] [main/ERROR]: No data fixer registered for more_bows_and_arrows:emerald_arrow
[00:25:13] [main/ERROR]: No data fixer registered for more_bows_and_arrows:ender_pearl_arrow
[00:25:13] [main/ERROR]: No data fixer registered for more_bows_and_arrows:flint_and_steel_arrow
[00:25:13] [main/ERROR]: No data fixer registered for more_bows_and_arrows:flint_arrow
[00:25:13] [main/ERROR]: No data fixer registered for more_bows_and_arrows:gold_arrow
[00:25:13] [main/ERROR]: No data fixer registered for more_bows_and_arrows:iron_arrow
[00:25:13] [main/ERROR]: No data fixer registered for more_bows_and_arrows:lapis_arrow
[00:25:13] [main/ERROR]: No data fixer registered for more_bows_and_arrows:moss_arrow
[00:25:13] [main/ERROR]: No data fixer registered for more_bows_and_arrows:netherite_arrow
[00:25:14] [main/ERROR]: No data fixer registered for more_bows_and_arrows:obsidian_arrow
[00:25:14] [main/ERROR]: No data fixer registered for more_bows_and_arrows:paper_arrow
[00:25:14] [main/ERROR]: No data fixer registered for more_bows_and_arrows:tnt_arrow
[00:25:14] [main/INFO]: Giving mobs a fresh coat of paint...
[00:25:14] [main/INFO]: structureessentials mod initialized
[00:25:14] [main/INFO]: Registered region minecraft:overworld to index 0 for type OVERWORLD
[00:25:14] [main/INFO]: Registered region minecraft:nether to index 0 for type NETHER
[00:25:14] [main/INFO]: Registered region biomesoplenty:overworld_primary to index 1 for type OVERWORLD
[00:25:14] [main/INFO]: Registered region biomesoplenty:overworld_secondary to index 2 for type OVERWORLD
[00:25:14] [main/INFO]: Registered region biomesoplenty:overworld_rare to index 3 for type OVERWORLD
[00:25:14] [main/INFO]: Registered region biomesoplenty:nether_common to index 1 for type NETHER
[00:25:14] [main/INFO]: Registered region biomesoplenty:nether_rare to index 2 for type NETHER
[00:25:14] [main/ERROR]: No data fixer registered for 
[00:25:14] [main/INFO]: Registered the FluidEffect with Unique ID of minecraft:water for Water (Fluid Amount Required: 81000) with the ID 0
[00:25:14] [main/INFO]: Registered the FluidEffect with Unique ID of minecraft:lava for Lava (Fluid Amount Required: 81000) with the ID 1
[00:25:14] [main/INFO]: Registered the FluidEffect with Unique ID of travelersbackpack:potion for block.travelersbackpack.potion_still (Fluid Amount Required: 27000) with the ID 2
[00:25:14] [main/INFO]: Registered the FluidEffect with Unique ID of milk:still_milk for Air (Fluid Amount Required: 81000) with the ID 3
[00:25:14] [main/INFO]: Reflections took 4 ms to scan 1 urls, producing 1 keys and 4 values
[00:25:14] [main/INFO]: Reflections took 6 ms to scan 1 urls, producing 1 keys and 4 values
[00:25:14] [main/INFO]: Registering C2S receiver with id skin_changer:mbechannel/c6416779da663f62836ae72f0509aa3e
[00:25:14] [main/INFO]: Registering C2S receiver with id skin_changer:mbechannel/8489ea5ae87e3a6199b65ea21ca8f8c8
[00:25:14] [main/INFO]: Loading Xaero's Minimap - Stage 1/2 (Server)
[00:25:14] [main/INFO]: Loading Xaero's World Map - Stage 1/2 (Server)
[00:25:14] [main/INFO]: Environment: authHost='https://authserver.mojang.com', accountsHost='https://api.mojang.com', sessionHost='https://sessionserver.mojang.com', servicesHost='https://api.minecraftservices.com', name='PROD'
[00:25:15] [main/WARN]: ancientcurse:khamsin_curse_stage_1 missing from registry, but requested!
[00:25:15] [main/WARN]: ancientcurse:khamsin_curse_stage_2 missing from registry, but requested!
[00:25:15] [main/WARN]: ancientcurse:khamsin_curse_stage_3 missing from registry, but requested!
[00:25:15] [main/WARN]: ancientcurse:khamsin_curse_stage_4 missing from registry, but requested!
[00:25:15] [main/WARN]: ancientcurse:khamsin_curse_stage_5 missing from registry, but requested!
[00:25:15] [main/WARN]: deeperdarker:sculk_affinity missing from registry, but requested!
[00:25:15] [main/INFO]: [fabric-registry-sync] Loaded registry data [file 1/4]
[00:25:16] [Worker-Main-1/ERROR]: Couldn't parse element loot_tables:ati_structures:chests/archer_chest
com.google.gson.JsonSyntaxException: Unknown type 'minecraft:set_components'
	at net.minecraft.class_5330$class_5333.deserialize(class_5330.java:99) ~[server-intermediary.jar:?]
	at com.google.gson.internal.bind.TreeTypeAdapter.read(TreeTypeAdapter.java:76) ~[gson-2.10.jar:?]
	at com.google.gson.internal.bind.TypeAdapterRuntimeTypeWrapper.read(TypeAdapterRuntimeTypeWrapper.java:40) ~[gson-2.10.jar:?]
	at com.google.gson.internal.bind.ArrayTypeAdapter.read(ArrayTypeAdapter.java:72) ~[gson-2.10.jar:?]
	at com.google.gson.Gson.fromJson(Gson.java:1214) ~[gson-2.10.jar:?]
	at com.google.gson.Gson.fromJson(Gson.java:1319) ~[gson-2.10.jar:?]
	at com.google.gson.Gson.fromJson(Gson.java:1290) ~[gson-2.10.jar:?]
	at com.google.gson.internal.bind.TreeTypeAdapter$GsonContextImpl.deserialize(TreeTypeAdapter.java:179) ~[gson-2.10.jar:?]
	at net.minecraft.class_3518.method_15291(class_3518.java:463) ~[server-intermediary.jar:?]
	at net.minecraft.class_3518.method_15283(class_3518.java:481) ~[server-intermediary.jar:?]
	at net.minecraft.class_85$class_90.method_441(class_85.java:149) ~[server-intermediary.jar:?]
	at net.minecraft.class_85$class_90.method_424(class_85.java:129) ~[server-intermediary.jar:?]
	at net.minecraft.class_79$class_5337.method_29319(class_79.java:86) ~[server-intermediary.jar:?]
	at net.minecraft.class_79$class_5337.method_517(class_79.java:74) ~[server-intermediary.jar:?]
	at net.minecraft.class_5330$class_5333.deserialize(class_5330.java:102) ~[server-intermediary.jar:?]
	at com.google.gson.internal.bind.TreeTypeAdapter.read(TreeTypeAdapter.java:76) ~[gson-2.10.jar:?]
	at com.google.gson.internal.bind.TypeAdapterRuntimeTypeWrapper.read(TypeAdapterRuntimeTypeWrapper.java:40) ~[gson-2.10.jar:?]
	at com.google.gson.internal.bind.ArrayTypeAdapter.read(ArrayTypeAdapter.java:72) ~[gson-2.10.jar:?]
	at com.google.gson.Gson.fromJson(Gson.java:1214) ~[gson-2.10.jar:?]
	at com.google.gson.Gson.fromJson(Gson.java:1319) ~[gson-2.10.jar:?]
	at com.google.gson.Gson.fromJson(Gson.java:1290) ~[gson-2.10.jar:?]
	at com.google.gson.internal.bind.TreeTypeAdapter$GsonContextImpl.deserialize(TreeTypeAdapter.java:179) ~[gson-2.10.jar:?]
	at net.minecraft.class_3518.method_15291(class_3518.java:463) ~[server-intermediary.jar:?]
	at net.minecraft.class_3518.method_15272(class_3518.java:471) ~[server-intermediary.jar:?]
	at net.minecraft.class_55$class_57.method_358(class_55.java:173) ~[server-intermediary.jar:?]
	at net.minecraft.class_55$class_57.deserialize(class_55.java:169) ~[server-intermediary.jar:?]
	at com.google.gson.internal.bind.TreeTypeAdapter.read(TreeTypeAdapter.java:76) ~[gson-2.10.jar:?]
	at com.google.gson.internal.bind.TypeAdapterRuntimeTypeWrapper.read(TypeAdapterRuntimeTypeWrapper.java:40) ~[gson-2.10.jar:?]
	at com.google.gson.internal.bind.ArrayTypeAdapter.read(ArrayTypeAdapter.java:72) ~[gson-2.10.jar:?]
	at com.google.gson.Gson.fromJson(Gson.java:1214) ~[gson-2.10.jar:?]
	at com.google.gson.Gson.fromJson(Gson.java:1319) ~[gson-2.10.jar:?]
	at com.google.gson.Gson.fromJson(Gson.java:1290) ~[gson-2.10.jar:?]
	at com.google.gson.internal.bind.TreeTypeAdapter$GsonContextImpl.deserialize(TreeTypeAdapter.java:179) ~[gson-2.10.jar:?]
	at net.minecraft.class_3518.method_15291(class_3518.java:463) ~[server-intermediary.jar:?]
	at net.minecraft.class_3518.method_15283(class_3518.java:481) ~[server-intermediary.jar:?]
	at net.minecraft.class_52$class_54.method_340(class_52.java:250) ~[server-intermediary.jar:?]
	at net.minecraft.class_52$class_54.deserialize(class_52.java:246) ~[server-intermediary.jar:?]
	at com.google.gson.internal.bind.TreeTypeAdapter.read(TreeTypeAdapter.java:76) ~[gson-2.10.jar:?]
	at com.google.gson.Gson.fromJson(Gson.java:1214) ~[gson-2.10.jar:?]
	at com.google.gson.Gson.fromJson(Gson.java:1319) ~[gson-2.10.jar:?]
	at com.google.gson.Gson.fromJson(Gson.java:1261) ~[gson-2.10.jar:?]
	at net.minecraft.class_8490.method_51205(class_8490.java:64) ~[server-intermediary.jar:?]
	at net.minecraft.class_8490.method_51204(class_8490.java:48) ~[server-intermediary.jar:?]
	at net.minecraft.class_60.method_51195(class_60.java:55) ~[server-intermediary.jar:?]
	at java.util.HashMap.forEach(HashMap.java:1421) ~[?:?]
	at net.minecraft.class_60.method_51189(class_60.java:55) ~[server-intermediary.jar:?]
	at java.util.concurrent.CompletableFuture$AsyncRun.run(CompletableFuture.java:1804) ~[?:?]
	at java.util.concurrent.CompletableFuture$AsyncRun.exec(CompletableFuture.java:1796) ~[?:?]
	at java.util.concurrent.ForkJoinTask.doExec(ForkJoinTask.java:373) ~[?:?]
	at java.util.concurrent.ForkJoinPool$WorkQueue.topLevelExec(ForkJoinPool.java:1182) ~[?:?]
	at java.util.concurrent.ForkJoinPool.scan(ForkJoinPool.java:1655) ~[?:?]
	at java.util.concurrent.ForkJoinPool.runWorker(ForkJoinPool.java:1622) ~[?:?]
	at java.util.concurrent.ForkJoinWorkerThread.run(ForkJoinWorkerThread.java:165) ~[?:?]
[00:25:17] [main/INFO]: Loaded 7 recipes
[00:25:17] [main/INFO]: Loaded 1807 advancements
[00:25:17] [main/INFO]: Reloading config...
[00:25:17] [main/INFO]: Reloading grave shape (server)
[00:25:17] [main/INFO]: Grave model and shape reload successful (server)
[00:25:17] [main/INFO]: Reloading YIGD graveyard data (server)
[00:25:17] [main/INFO]: Graveyard data successfully reloaded (server)
[00:25:17] [main/INFO]: Reloading YIGD grave area overrides (server)
[00:25:17] [main/INFO]: Grave area overrides successfully reloaded (server)
[00:25:17] [main/INFO]: Initialized TerraBlender biomes for level stem minecraft:the_nether
[00:25:18] [main/INFO]: Initialized TerraBlender biomes for level stem minecraft:overworld
[00:25:18] [main/INFO]: Applied 62 biome modifications to 55 of 134 new biomes in 27.88 ms
[00:25:18] [Server thread/INFO]: Starting background profiler...
[00:25:19] [Server thread/INFO]: Starting minecraft server version 1.20.1
[00:25:19] [Server thread/INFO]: Loading properties
[00:25:19] [Server thread/INFO]: Default game type: SURVIVAL
[00:25:19] [Server thread/INFO]: Generating keypair
[00:25:19] [Server thread/INFO]: Starting Minecraft server on *:25565
[00:25:19] [Server thread/INFO]: Using epoll channel type
[00:25:19] [Server thread/WARN]: **** SERVER IS RUNNING IN OFFLINE/INSECURE MODE!
[00:25:19] [Server thread/WARN]: The server will make no attempt to authenticate usernames. Beware.
[00:25:19] [Server thread/WARN]: While this makes the game possible to play without internet access, it also opens up the ability for hackers to connect with any username they choose.
[00:25:19] [Server thread/WARN]: To change this, set "online-mode" to "true" in the server.properties file.
[00:25:19] [Server thread/INFO]: Preparing level "world"
[00:25:24] [Server thread/WARN]: Non-unique structure_set salt:0 potentially creating overlapping structures detected. Structure sets: [minecraft:mineshafts, minecraft:strongholds, minecraft:buried_treasures]
[00:25:24] [Server thread/WARN]: Non-unique structure_set salt:783 potentially creating overlapping structures detected. Structure sets: [nova_structures:taverns, nova_structures:badlands_miner_outpost]
[00:25:24] [Server thread/WARN]: Non-unique structure_set salt:10387312 potentially creating overlapping structures detected. Structure sets: [minecraft:villages, nova_structures:villages_jungle, nova_structures:villages_swamp]
[00:25:24] [Server thread/WARN]: Non-unique structure_set salt:10387313 potentially creating overlapping structures detected. Structure sets: [minecraft:ocean_monuments, minecraft:end_cities]
[00:25:24] [Server thread/WARN]: Non-unique structure_set salt:4533232 potentially creating overlapping structures detected. Structure sets: [nova_structures:illager_camp, nova_structures:nether_camps]
[00:25:24] [Server thread/WARN]: Non-unique structure_set salt:239021 potentially creating overlapping structures detected. Structure sets: [nova_structures:desert_ruins, nova_structures:jungle_ruins]
[00:25:24] [Server thread/INFO]: Preparing start region for dimension minecraft:overworld
[00:25:28] [Worker-Main-2/INFO]: Preparing spawn area: 0%
[00:25:28] [Worker-Main-2/INFO]: Preparing spawn area: 0%
[00:25:28] [Worker-Main-2/INFO]: Preparing spawn area: 0%
[00:25:28] [Worker-Main-1/INFO]: Preparing spawn area: 0%
[00:25:28] [Worker-Main-2/INFO]: Preparing spawn area: 0%
[00:25:28] [Worker-Main-1/INFO]: Preparing spawn area: 0%
[00:25:28] [Worker-Main-1/INFO]: Preparing spawn area: 0%
[00:25:28] [Worker-Main-3/INFO]: Preparing spawn area: 0%
[00:25:28] [Worker-Main-1/INFO]: Preparing spawn area: 1%
[00:25:29] [Worker-Main-2/INFO]: Preparing spawn area: 33%
[00:25:29] [Worker-Main-1/INFO]: Preparing spawn area: 83%
[00:25:29] [Server thread/INFO]: Time elapsed: 5146 ms
[00:25:29] [Server thread/INFO]: Done (10.134s)! For help, type "help"
[00:25:29] [Server thread/INFO]: Loaded config for: betterfpsdist.json
[00:25:29] [Server thread/INFO]: Loaded config for: smoothchunk.json
[00:25:29] [Server thread/INFO]: Start loading plugin from Jade
[00:25:29] [Server thread/INFO]: Start loading plugin from Jade
[00:25:29] [Server thread/INFO]: Start loading plugin from Jade
[00:25:29] [Server thread/INFO]: Loading Xaero's Minimap - Stage 2/2 (Server)
[00:25:29] [Server thread/INFO]: Loading Xaero's World Map - Stage 2/2 (Server)
[00:25:49] [Server thread/INFO]: Unknown or incomplete command, see below for error
[00:25:49] [Server thread/INFO]: <--[HERE]
[00:25:51] [Server thread/INFO]: Unknown or incomplete command, see below for error
[00:25:51] [Server thread/INFO]: <--[HERE]
[00:25:52] [Server thread/INFO]: Unknown or incomplete command, see below for error
[00:25:52] [Server thread/INFO]: <--[HERE]
[00:25:52] [Server thread/INFO]: Unknown or incomplete command, see below for error
[00:25:52] [Server thread/INFO]: <--[HERE]
